This is LuaHBTeX, Version 1.18.0 (TeX Live 2024)  (format=lualatex 2024.7.14)  7 OCT 2024 22:50
 restricted system commands enabled.
**main.tex
(./main.tex
LaTeX2e <2024-06-01> patch level 2
L3 programming layer <2024-05-27>
Lua module: luaotfload 2024-02-14 3.28 Lua based OpenType font support
Lua module: lualibs 2023-07-13 2.76 ConTeXt Lua standard libraries.
Lua module: lualibs-extended 2023-07-13 2.76 ConTeXt Lua libraries -- extended c
ollection.
luaotfload | conf : Root cache directory is "D:/texlive/2023/texmf-var/luatex-ca
che/generic/names".
luaotfload | init : Loading fontloader "fontloader-2023-12-28.lua" from kpse-res
olved path "d:/texlive/2023/texmf-dist/tex/luatex/luaotfload/fontloader-2023-12-
28.lua".
Lua-only attribute luaotfload@noligature = 1
luaotfload | init : Context OpenType loader version 3.134
Inserting `luaotfload.node_processor' in `pre_linebreak_filter'.
Inserting `luaotfload.node_processor' in `hpack_filter'.
Inserting `luaotfload.glyph_stream' in `glyph_stream_provider'.
Inserting `luaotfload.define_font' in `define_font'.
Lua-only attribute luaotfload_color_attribute = 2
luaotfload | conf : Root cache directory is "D:/texlive/2023/texmf-var/luatex-ca
che/generic/names".
Inserting `luaotfload.harf.strip_prefix' in `find_opentype_file'.
Inserting `luaotfload.harf.strip_prefix' in `find_truetype_file'.
Removing  `luaotfload.glyph_stream' from `glyph_stream_provider'.
Inserting `luaotfload.harf.glyphstream' in `glyph_stream_provider'.
Inserting `luaotfload.harf.finalize_vlist' in `post_linebreak_filter'.
Inserting `luaotfload.harf.finalize_hlist' in `hpack_filter'.
Inserting `luaotfload.cleanup_files' in `wrapup_run'.
Inserting `luaotfload.harf.finalize_unicode' in `finish_pdffile'.
Inserting `luaotfload.glyphinfo' in `glyph_info'.
Lua-only attribute luaotfload.letterspace_done = 3
Inserting `luaotfload.aux.set_sscale_dimens' in `luaotfload.patch_font'.
Inserting `luaotfload.aux.set_font_index' in `luaotfload.patch_font'.
Inserting `luaotfload.aux.patch_cambria_domh' in `luaotfload.patch_font'.
Inserting `luaotfload.aux.fixup_fontdata' in `luaotfload.patch_font_unsafe'.
Inserting `luaotfload.aux.set_capheight' in `luaotfload.patch_font'.
Inserting `luaotfload.aux.set_xheight' in `luaotfload.patch_font'.
Inserting `luaotfload.rewrite_fontname' in `luaotfload.patch_font'.
Inserting `tracingstacklevels' in `input_level_string'. (d:/texlive/2023/texmf-
dist/tex/latex/ctex/ctexbook.cls
(d:/texlive/2023/texmf-dist/tex/latex/ctex/config/ctexbackend.cfg
File: ctexbackend.cfg 2022/07/14 v2.5.10 Backend configuration file (CTEX)
)
(d:/texlive/2023/texmf-dist/tex/latex/l3kernel/expl3.sty
Package: expl3 2024-05-27 L3 programming layer (loader) 

(d:/texlive/2023/texmf-dist/tex/latex/l3backend/l3backend-luatex.def
File: l3backend-luatex.def 2024-05-08 L3 backend support: PDF output (LuaTeX)
\l__color_backend_stack_int=\count192
Inserting `l3color' in `luaotfload.parse_color'.
\l__pdf_internal_box=\box52
))
Document Class: ctexbook 2022/07/14 v2.5.10 Chinese adapter for class book (CTE
X)
(d:/texlive/2023/texmf-dist/tex/latex/ctex/ctexhook.sty
Package: ctexhook 2022/07/14 v2.5.10 Document and package hooks (CTEX)
\c__ctex_package_cctab=\catcodetable14
)
(d:/texlive/2023/texmf-dist/tex/latex/ctex/ctexpatch.sty
Package: ctexpatch 2022/07/14 v2.5.10 Patching commands (CTEX)
)
(d:/texlive/2023/texmf-dist/tex/latex/base/fix-cm.sty
Package: fix-cm 2020/11/24 v1.1t fixes to LaTeX

(d:/texlive/2023/texmf-dist/tex/latex/base/ts1enc.def
File: ts1enc.def 2001/06/05 v3.0e (jk/car/fm) Standard LaTeX file
LaTeX Font Info:    Redeclaring font encoding TS1 on input line 47.
))
\l__ctex_tmp_int=\count193
\l__ctex_tmp_box=\box53
\l__ctex_tmp_dim=\dimen140
\g__ctex_section_depth_int=\count194
\g__ctex_font_size_int=\count195
\g__cctab_next_cctab=\catcodetable15

(d:/texlive/2023/texmf-dist/tex/latex/ctex/config/ctexopts.cfg
File: ctexopts.cfg 2022/07/14 v2.5.10 Option configuration file (CTEX)
)
(d:/texlive/2023/texmf-dist/tex/latex/base/book.cls
Document Class: book 2024/02/08 v1.4n Standard LaTeX document class
(d:/texlive/2023/texmf-dist/tex/latex/base/bk12.clo
File: bk12.clo 2024/02/08 v1.4n Standard LaTeX file (size option)
luaotfload | db : Font names database loaded from D:/texlive/2023/texmf-var/luat
ex-cache/generic/names/luaotfload-names.luc.gz)
\c@part=\count196
\c@chapter=\count197
\c@section=\count198
\c@subsection=\count199
\c@subsubsection=\count266
\c@paragraph=\count267
\c@subparagraph=\count268
\c@figure=\count269
\c@table=\count270
\abovecaptionskip=\skip49
\belowcaptionskip=\skip50
\bibindent=\dimen141
)
(d:/texlive/2023/texmf-dist/tex/latex/ctex/engine/ctex-engine-luatex.def
File: ctex-engine-luatex.def 2022/07/14 v2.5.10 LuaLaTeX adapter (CTEX)

(d:/texlive/2023/texmf-dist/tex/luatex/luatexja/luatexja.sty
Package: luatexja 2024-05-14 Japanese Typesetting with Lua(La)TeX

(d:/texlive/2023/texmf-dist/tex/luatex/luatexja/luatexja-core.sty
Package: luatexja-core 2023-04-06 Core of LuaTeX-ja

(d:/texlive/2023/texmf-dist/tex/generic/infwarerr/infwarerr.sty
Package: infwarerr 2019/12/03 v1.5 Providing info/warning/error messages (HO)
)
(d:/texlive/2023/texmf-dist/tex/luatex/luatexbase/luatexbase.sty
Package: luatexbase 2015/10/04 v1.3 luatexbase interface to LuaTeX 

(d:/texlive/2023/texmf-dist/tex/luatex/ctablestack/ctablestack.sty
Package: ctablestack 2015/10/01 v1.0 Catcode table stable support
\@catcodetablestackcnt=\count271
)
\CatcodeTableOther=\catcodetable16
\CatcodeTableExpl=\catcodetable17
)
(d:/texlive/2023/texmf-dist/tex/generic/ltxcmds/ltxcmds.sty
Package: ltxcmds 2023-12-04 v1.26 LaTeX kernel commands for general use (HO)
)
(d:/texlive/2023/texmf-dist/tex/generic/pdftexcmds/pdftexcmds.sty
Package: pdftexcmds 2020-06-27 v0.33 Utility functions of pdfTeX for LuaTeX (HO
)

(d:/texlive/2023/texmf-dist/tex/generic/iftex/iftex.sty
Package: iftex 2022/02/03 v1.0f TeX engine tests
)
Package pdftexcmds Info: \pdf@primitive is available.
Package pdftexcmds Info: \pdf@ifprimitive is available.
Package pdftexcmds Info: \pdfdraftmode found.
\pdftexcmds@toks=\toks17
)
(d:/texlive/2023/texmf-dist/tex/latex/xkeyval/xkeyval.sty
Package: xkeyval 2022/06/16 v2.9 package option processing (HA)

(d:/texlive/2023/texmf-dist/tex/generic/xkeyval/xkeyval.tex
(d:/texlive/2023/texmf-dist/tex/generic/xkeyval/xkvutils.tex
\XKV@toks=\toks18
\XKV@tempa@toks=\toks19

(d:/texlive/2023/texmf-dist/tex/generic/xkeyval/keyval.tex))
\XKV@depth=\count272
File: xkeyval.tex 2014/12/03 v2.7a key=value parser (HA)
))
(d:/texlive/2023/texmf-dist/tex/latex/etoolbox/etoolbox.sty
Package: etoolbox 2020/10/05 v2.5k e-TeX tools for LaTeX (JAW)
\etb@tempcnta=\count273
)
(d:/texlive/2023/texmf-dist/tex/latex/everyhook/everyhook.sty
(d:/texlive/2023/texmf-dist/tex/latex/svn-prov/svn-prov.sty
Package: svn-prov 2010/04/24 v3.1862 Package Date/Version from SVN Keywords
)
Package: everyhook 2014/11/26 v1.2 (SVN Rev: 12)\ Hooks for low level TeX every
X primitives.
\everypar=\toks20
\frozen@everymath=\toks21
\frozen@everydisplay=\toks22
\everyhbox=\toks23
\everyvbox=\toks24
\everycr=\toks25
)
\ltjlineendcomment=\count274
\ltj@dimen@zw=\dimen142
\ltj@dimen@zh=\dimen143
\ltj@dimen@jQ=\dimen144
\ltj@icflag=\attribute4
\ltj@curjfnt=\attribute5
\ltj@curtfnt=\attribute6
\ltj@charclass=\attribute7
\ltj@charcode=\attribute8
\ltj@autospc=\attribute9
\ltj@autoxspc=\attribute10
\ltj@yablshift=\attribute11
\ltj@ykblshift=\attribute12
\ltj@tablshift=\attribute13
\ltj@tkblshift=\attribute14
\jfam=\attribute15
\ltj@vert@ori=\attribute16
\ltj@dir=\attribute17
\ltj@@japanese=\language2
\ltj@tempcnta=\count275
\ltj@tempdima=\dimen145
\ltj@@stack=\count276
\ltj@@group@level=\count277
\ltj@kcat0=\attribute18
\ltj@kcat1=\attribute19
\ltj@kcat2=\attribute20
\ltj@kcat3=\attribute21
\ltj@kcat4=\attribute22
\ltj@kcat5=\attribute23
\ltj@kcat6=\attribute24
Custom whatsit inhibitglue = 1
Custom whatsit stack_marker = 2
Custom whatsit begin_par = 3
Custom whatsit direction = 4
Custom whatsit box_boundary = 5
Custom whatsit ja_al_boundary = 6(load cache: ltj-cid-auto-adobe-japan1.luc)
Lua module: luatexja.charrange 2022-08-19 Handling the range of Japanese charact
ers
Lua module: luatexja.stack 2022-08-20 LuaTeX-ja stack system
Inserting `ltj.create_dir_whatsit' in `hpack_filter'.
Inserting `ltj.create_dir_whatsit' in `post_linebreak_filter'.
Inserting `ltj.direction' in `vpack_filter'.
Inserting `ltj.direction' in `pre_output_filter'.
Inserting `ltj.lineskip' in `post_linebreak_filter'.
Inserting `ltj.lineskip' in `append_to_vlist_filter'.
Lua module: luatexja.jfont 2023-04-06 Loader for Japanese fonts
Removing  `luaotfload.define_font' from `define_font'.
Inserting `luatexja.font_callback' in `define_font'.
Removing  `luaotfload.aux.set_sscale_dimens' from `luaotfload.patch_font'.
Removing  `luaotfload.aux.set_font_index' from `luaotfload.patch_font'.
Removing  `luaotfload.aux.patch_cambria_domh' from `luaotfload.patch_font'.
Removing  `luaotfload.aux.set_capheight' from `luaotfload.patch_font'.
Removing  `luaotfload.aux.set_xheight' from `luaotfload.patch_font'.
Removing  `luaotfload.rewrite_fontname' from `luaotfload.patch_font'.
Inserting `ltj.prepare_extra_data' in `luaotfload.patch_font'.
Inserting `luaotfload.aux.set_sscale_dimens' in `luaotfload.patch_font'.
Inserting `luaotfload.aux.set_font_index' in `luaotfload.patch_font'.
Inserting `luaotfload.aux.patch_cambria_domh' in `luaotfload.patch_font'.
Inserting `luaotfload.aux.set_capheight' in `luaotfload.patch_font'.
Inserting `luaotfload.aux.set_xheight' in `luaotfload.patch_font'.
Inserting `luaotfload.rewrite_fontname' in `luaotfload.patch_font'.
Inserting `ltj.prepare_extra_data' in `luatexja.define_font'.(load cache: extra_
lmroman12-regular.luc)
Inserting `ltj.get_vert_form' in `luatexja.define_jfont'.
Removing  `ltj.prepare_extra_data' from `luaotfload.patch_font'.
Removing  `luaotfload.aux.set_sscale_dimens' from `luaotfload.patch_font'.
Removing  `luaotfload.aux.set_font_index' from `luaotfload.patch_font'.
Removing  `luaotfload.aux.patch_cambria_domh' from `luaotfload.patch_font'.
Removing  `luaotfload.aux.set_capheight' from `luaotfload.patch_font'.
Removing  `luaotfload.aux.set_xheight' from `luaotfload.patch_font'.
Removing  `luaotfload.rewrite_fontname' from `luaotfload.patch_font'.
Inserting `ltj.supply_tounicode' in `luaotfload.patch_font'.
Inserting `ltj.prepare_extra_data' in `luaotfload.patch_font'.
Inserting `luaotfload.aux.set_sscale_dimens' in `luaotfload.patch_font'.
Inserting `luaotfload.aux.set_font_index' in `luaotfload.patch_font'.
Inserting `luaotfload.aux.patch_cambria_domh' in `luaotfload.patch_font'.
Inserting `luaotfload.aux.set_capheight' in `luaotfload.patch_font'.
Inserting `luaotfload.aux.set_xheight' in `luaotfload.patch_font'.
Inserting `luaotfload.rewrite_fontname' in `luaotfload.patch_font'.
Inserting `ltj.process_input_buffer' in `process_input_buffer'.
Inserting `ltj.hyphenate' in `hyphenate'.
Removing  `luaotfload.node_processor' from `hpack_filter'.
Removing  `luaotfload.harf.finalize_hlist' from `hpack_filter'.
Removing  `ltj.create_dir_whatsit' from `hpack_filter'.
Inserting `ltj.set_stack_level' in `hpack_filter'.
Inserting `luaotfload.node_processor' in `hpack_filter'.
Inserting `luaotfload.harf.finalize_hlist' in `hpack_filter'.
Inserting `ltj.create_dir_whatsit' in `hpack_filter'.
Removing  `luaotfload.node_processor' from `pre_linebreak_filter'.
Inserting `ltj.set_stack_level' in `pre_linebreak_filter'.
Inserting `luaotfload.node_processor' in `pre_linebreak_filter'.
Lua module: luatexja.jfmglue 2022-08-29 Insertion process of JFM glues, [x]kanji
skip and others
Inserting `luatexja.beginpar.np_info' in `luatexja.jfmglue.whatsit_getinfo'.
Inserting `luatexja.beginpar.np_info_after' in `luatexja.jfmglue.whatsit_after'.
Inserting `ltj.mlist_to_hlist_pre' in `pre_mlist_to_hlist_filter'.
Inserting `ltj.main' in `pre_linebreak_filter'.
Removing  `luaotfload.harf.finalize_hlist' from `hpack_filter'.
Removing  `ltj.create_dir_whatsit' from `hpack_filter'.
Inserting `ltj.main' in `hpack_filter'.
Inserting `luaotfload.harf.finalize_hlist' in `hpack_filter'.
Inserting `ltj.create_dir_whatsit' in `hpack_filter'.
Removing  `ltj.set_stack_level' from `pre_linebreak_filter'.
Removing  `luaotfload.node_processor' from `pre_linebreak_filter'.
Removing  `ltj.main' from `pre_linebreak_filter'.
Inserting `ltj.adjust_icflag' in `pre_linebreak_filter'.
Inserting `ltj.set_stack_level' in `pre_linebreak_filter'.
Inserting `luaotfload.node_processor' in `pre_linebreak_filter'.
Inserting `ltj.main' in `pre_linebreak_filter'.
Removing  `ltj.set_stack_level' from `hpack_filter'.
Removing  `luaotfload.node_processor' from `hpack_filter'.
Removing  `ltj.main' from `hpack_filter'.
Removing  `luaotfload.harf.finalize_hlist' from `hpack_filter'.
Removing  `ltj.create_dir_whatsit' from `hpack_filter'.
Inserting `ltj.adjust_icflag' in `hpack_filter'.
Inserting `ltj.set_stack_level' in `hpack_filter'.
Inserting `luaotfload.node_processor' in `hpack_filter'.
Inserting `ltj.main' in `hpack_filter'.
Inserting `luaotfload.harf.finalize_hlist' in `hpack_filter'.
Inserting `ltj.create_dir_whatsit' in `hpack_filter'.
(d:/texlive/2023/texmf-dist/tex/luatex/luatexja/ltj-base.sty
Package: ltj-base 2021-03-16
\ltj@tempcntb=\count278
\ltj@tempcntc=\count279
\ltj@afbox=\box54
)
\ltj@@italic@inner=\luafunction29
\ltj@@start@time@measure@inner=\luafunction30
\ltj@@stop@time@measure@inner=\luafunction31
\ltj@@jfont@inner=\luafunction32
\ltj@zw@inner=\luafunction33
\ltj@zh@inner=\luafunction34
\ltj@reset@globaldefs@inner=\luafunction35
\ltj@restore@globaldefs@inner=\luafunction36
\ltj@@disihb@inner=\luafunction37
\ltj@@ihb@inner=\luafunction38
\ltj@@fakeparbegin@inner=\luafunction39
\ltj@@fakeboxbdd@inner=\luafunction40
\ltj@@ins@xk@inner=\luafunction41
\ltj@@ins@k@inner=\luafunction42
\ltjsetkanjiskip@inner=\luafunction43
\ltjsetxkanjiskip@inner=\luafunction44
\ltj@@getparam@one@inner=\luafunction45
\ltj@alljachar@inner=\luafunction46
\ltj@@lua@populate@insertwhatsit@inner=\luafunction47
\ltj@@vadjust@begin@inner=\luafunction48
\ltj@@vadjust@dirhook@inner=\luafunction49
\ltj@@vadjust@check@dir@inner=\luafunction50
\ltj@@box@dirhook@inner=\luafunction51
\ltj@@reset@badness@inner=\luafunction52
\ltj@@lua@raisebox@inner=\luafunction53
\ltj@@vsplit@inner=\luafunction54
\ltj@@lua@unboxcheckdir@inner=\luafunction55
\ltj@@lua@uncopycheckdir@inner=\luafunction56
\ltj@@lua@uncopy@restore@whatsit@inner=\luafunction57
(load cache: ltj-kinsoku_default.luc)

Package ctexhook Info: Package `ltj-latex' can not be loaded with `ctexbook'.

LaTeX Info: Package 'ltj-latex.sty' has been disabled.
            Load request ignored on input line 781.
\ltj@temp@cctb=\catcodetable18
)
(d:/texlive/2023/texmf-dist/tex/luatex/luatexja/luatexja-compat.sty
Package: luatexja-compat 2020-08-08 Compatibility with pTeX
(load cache: ltj-jisx0208.luc)
\hour=\count280
\minute=\count281
))
(d:/texlive/2023/texmf-dist/tex/latex/fontspec/fontspec.sty
(d:/texlive/2023/texmf-dist/tex/latex/l3packages/xparse/xparse.sty
Package: xparse 2024-05-08 L3 Experimental document command parser
)
Package: fontspec 2024/05/11 v2.9e Font selection for XeLaTeX and LuaLaTeX
Lua module: fontspec 2024/05/11 2.9e Font selection for XeLaTeX and LuaLaTeX
(d:/texlive/2023/texmf-dist/tex/latex/fontspec/fontspec-luatex.sty
Package: fontspec-luatex 2024/05/11 v2.9e Font selection for XeLaTeX and LuaLaT
eX
\l__fontspec_script_int=\count282
\l__fontspec_language_int=\count283
\l__fontspec_strnum_int=\count284
\l__fontspec_tmp_int=\count285
\l__fontspec_tmpa_int=\count286
\l__fontspec_tmpb_int=\count287
\l__fontspec_tmpc_int=\count288
\l__fontspec_em_int=\count289
\l__fontspec_emdef_int=\count290
\l__fontspec_strong_int=\count291
\l__fontspec_strongdef_int=\count292
\l__fontspec_tmpa_dim=\dimen146
\l__fontspec_tmpb_dim=\dimen147
\l__fontspec_tmpc_dim=\dimen148

(d:/texlive/2023/texmf-dist/tex/latex/base/fontenc.sty
Package: fontenc 2021/04/29 v2.0v Standard LaTeX package
)
(d:/texlive/2023/texmf-dist/tex/latex/fontspec/fontspec.cfg)(load cache: extra_l
mroman12-bold.luc)))
\g__cctab_next_cctab=\catcodetable19

(d:/texlive/2023/texmf-dist/tex/latex/base/tuenc.def
File: tuenc.def 2021/04/29 v2.0v Standard LaTeX file
\@remove@tlig@@@=\luafunction58
LaTeX Font Info:    Redeclaring font encoding TU on input line 105.
)
Lua function ctex_ltj_add_kyenc:n = 59
Lua function ctex_ltj_is_kenc:n = 60
Lua function ctex_ltj_patch_external_font:n = 61
Lua function ctex_ltj_set_alt_font:nnnn = 62
Lua function ctex_ltj_clear_alt_font:n = 63
Lua function ctex_ltj_pickup_alt_font:nn = 64
Lua function __ctex_ltj_pickup_alt_font:Nn = 65
Lua function __ctex_ltj_if_alt_set:nT = 66
Lua function ctex_ltj_zero_globaldefs: = 67
\symCJKmath=\mathgroup4
LaTeX Font Info:    Overwriting symbol font `CJKmath' in version `bold'
(Font)                  LTJY3/song/m/n --> LTJY3/song/b/n on input line 471.
\g__ctex_ltj_family_int=\count293
\ccwd=\dimen149
\l__ctex_ccglue_skip=\skip51
(load cache: ltj-cid-auto-adobe-gb1.luc)
(d:/texlive/2023/texmf-dist/tex/luatex/chinese-jfm/jfm-zh_CN.lua)
\l__ctex_xkanjiskip_skip=\skip52
\cht=\dimen150
\cdp=\dimen151
\cwd=\dimen152
Lua function ctex_update_kanjisize: = 68)
\l__ctex_ziju_dim=\dimen153

(d:/texlive/2023/texmf-dist/tex/latex/zhnumber/zhnumber.sty
Package: zhnumber 2022/07/14 v3.0 Typesetting numbers with Chinese glyphs
\l__zhnum_scale_int=\count294
\l__zhnum_tmp_int=\count295

(d:/texlive/2023/texmf-dist/tex/latex/zhnumber/zhnumber-utf8.cfg
File: zhnumber-utf8.cfg 2022/07/14 v3.0 Chinese numerals with UTF8 encoding
))
\l__ctex_heading_skip=\skip53

(d:/texlive/2023/texmf-dist/tex/latex/ctex/scheme/ctex-scheme-chinese-book.def
File: ctex-scheme-chinese-book.def 2022/07/14 v2.5.10 Chinese scheme for book (
CTEX)

(d:/texlive/2023/texmf-dist/tex/latex/ctex/config/ctex-name-utf8.cfg
File: ctex-name-utf8.cfg 2022/07/14 v2.5.10 Caption with encoding UTF-8 (CTEX)
))(load cache: extra_lmroman10-regular.luc)
(d:/texlive/2023/texmf-dist/tex/latex/ctex/fontset/ctex-fontset-windows.def
File: ctex-fontset-windows.def 2022/07/14 v2.5.10 Windows fonts definition (CTE
X)
luaotfload | cache : Lookup cache loaded from D:/texlive/2023/texmf-var/luatex-c
ache/generic/names/luaotfload-lookup-cache.luc.(load cache: extra_simsun.luc)(lo
ad cache: extra_kaiti.luc)

Package fontspec Info: 
(fontspec)             Could not resolve font "KaiTi/B" (it probably doesn't
(fontspec)             exist).

(load cache: extra_simhei.luc)

Package fontspec Info: 
(fontspec)             Could not resolve font "SimHei/I" (it probably doesn't
(fontspec)             exist).


Package fontspec Info: 
(fontspec)             Could not resolve font "SimSun/BI" (it probably doesn't
(fontspec)             exist).

luaotfload | aux : font no 24 (nil) does not define feature smcp for script latn
 with language dflt
luaotfload | aux : font no 24 (nil) does not define feature smcp for script latn
 with language dflt
luaotfload | aux : font no 24 (nil) does not define feature smcp for script dflt
 with language dflt
luaotfload | aux : font no 24 (nil) does not define feature smcp for script latn
 with language dflt
luaotfload | aux : font no 24 (nil) does not define feature smcp for script latn
 with language dflt
luaotfload | aux : font no 24 (nil) does not define feature smcp for script dflt
 with language dflt
luaotfload | aux : font no 25 (nil) does not define feature smcp for script latn
 with language dflt
luaotfload | aux : font no 25 (nil) does not define feature smcp for script latn
 with language dflt
luaotfload | aux : font no 25 (nil) does not define feature smcp for script dflt
 with language dflt
luaotfload | aux : font no 25 (nil) does not define feature smcp for script latn
 with language dflt
luaotfload | aux : font no 25 (nil) does not define feature smcp for script latn
 with language dflt
luaotfload | aux : font no 25 (nil) does not define feature smcp for script dflt
 with language dflt
luaotfload | aux : font no 26 (nil) does not define feature smcp for script latn
 with language dflt
luaotfload | aux : font no 26 (nil) does not define feature smcp for script latn
 with language dflt
luaotfload | aux : font no 26 (nil) does not define feature smcp for script dflt
 with language dflt
luaotfload | aux : font no 26 (nil) does not define feature smcp for script latn
 with language dflt
luaotfload | aux : font no 26 (nil) does not define feature smcp for script latn
 with language dflt
luaotfload | aux : font no 26 (nil) does not define feature smcp for script dflt
 with language dflt

Package fontspec Info: 
(fontspec)             Font family 'SimSun(0)' created for font 'SimSun' with
(fontspec)             options
(fontspec)             [NFSSEncoding=LTJY3,JFM=zh_CN/quanjiao,BoldFont={SimHei}
,ItalicFont={KaiTi},LTJFONTUID=1].
(fontspec)              
(fontspec)              This font family consists of the following NFSS
(fontspec)             series/shapes:
(fontspec)              
(fontspec)             - 'normal' (m/n) with NFSS spec.:
(fontspec)             <->"name:SimSun:mode=node;script=latn;language=dflt;jfm=
zh_CN/quanjiao;"
(fontspec)             - 'bold' (b/n) with NFSS spec.:
(fontspec)             <->"name:SimHei:mode=node;script=latn;language=dflt;jfm=
zh_CN/quanjiao;"
(fontspec)             - 'italic' (m/it) with NFSS spec.:
(fontspec)             <->"name:KaiTi:mode=node;script=latn;language=dflt;jfm=z
h_CN/quanjiao;"

))
(d:/texlive/2023/texmf-dist/tex/latex/ctex/config/ctex.cfg
File: ctex.cfg 2022/07/14 v2.5.10 Configuration file (CTEX)
)
(d:/texlive/2023/texmf-dist/tex/latex/base/inputenc.sty
Package: inputenc 2024/02/08 v1.3d Input encoding file
\inpenc@prehook=\toks26
\inpenc@posthook=\toks27


Package inputenc Warning: inputenc package ignored with utf8 based engines.

) (d:/texlive/2023/texmf-dist/tex/latex/graphics/graphicx.sty
Package: graphicx 2021/09/16 v1.2d Enhanced LaTeX Graphics (DPC,SPQR)

(d:/texlive/2023/texmf-dist/tex/latex/graphics/graphics.sty
Package: graphics 2024/05/23 v1.4g Standard LaTeX Graphics (DPC,SPQR)

(d:/texlive/2023/texmf-dist/tex/latex/graphics/trig.sty
Package: trig 2023/12/02 v1.11 sin cos tan (DPC)
)
(d:/texlive/2023/texmf-dist/tex/latex/graphics-cfg/graphics.cfg
File: graphics.cfg 2016/06/04 v1.11 sample graphics configuration
)
Package graphics Info: Driver file: luatex.def on input line 106.

(d:/texlive/2023/texmf-dist/tex/latex/graphics-def/luatex.def
File: luatex.def 2024/04/13 v1.2e Graphics/color driver for luatex
))
\Gin@req@height=\dimen154
\Gin@req@width=\dimen155
)
(d:/texlive/2023/texmf-dist/tex/latex/amsmath/amsmath.sty
Package: amsmath 2024/05/23 v2.17q AMS math features
\@mathmargin=\skip54

For additional information on amsmath, use the `?' option.
(d:/texlive/2023/texmf-dist/tex/latex/amsmath/amstext.sty
Package: amstext 2021/08/26 v2.01 AMS text

(d:/texlive/2023/texmf-dist/tex/latex/amsmath/amsgen.sty
File: amsgen.sty 1999/11/30 v2.0 generic functions
\@emptytoks=\toks28
\ex@=\dimen156
))
(d:/texlive/2023/texmf-dist/tex/latex/amsmath/amsbsy.sty
Package: amsbsy 1999/11/29 v1.2d Bold Symbols
\pmbraise@=\dimen157
)
(d:/texlive/2023/texmf-dist/tex/latex/amsmath/amsopn.sty
Package: amsopn 2022/04/08 v2.04 operator names
)
\inf@bad=\count296
LaTeX Info: Redefining \frac on input line 235.
\uproot@=\count297
\leftroot@=\count298
LaTeX Info: Redefining \overline on input line 398.
LaTeX Info: Redefining \colon on input line 409.
\classnum@=\count299
\DOTSCASE@=\count300
LaTeX Info: Redefining \ldots on input line 495.
LaTeX Info: Redefining \dots on input line 498.
LaTeX Info: Redefining \cdots on input line 619.
\Mathstrutbox@=\box55
\strutbox@=\box56
LaTeX Info: Redefining \big on input line 721.
LaTeX Info: Redefining \Big on input line 722.
LaTeX Info: Redefining \bigg on input line 723.
LaTeX Info: Redefining \Bigg on input line 724.
\big@size=\dimen158
LaTeX Font Info:    Redeclaring font encoding OML on input line 742.
LaTeX Font Info:    Redeclaring font encoding OMS on input line 743.
\macc@depth=\count301
LaTeX Info: Redefining \bmod on input line 904.
LaTeX Info: Redefining \pmod on input line 909.
LaTeX Info: Redefining \smash on input line 939.
LaTeX Info: Redefining \relbar on input line 969.
LaTeX Info: Redefining \Relbar on input line 970.
\c@MaxMatrixCols=\count302
\dotsspace@=\muskip17
\c@parentequation=\count303
\dspbrk@lvl=\count304
\tag@help=\toks29
\row@=\count305
\column@=\count306
\maxfields@=\count307
\andhelp@=\toks30
\eqnshift@=\dimen159
\alignsep@=\dimen160
\tagshift@=\dimen161
\tagwidth@=\dimen162
\totwidth@=\dimen163
\lineht@=\dimen164
\@envbody=\toks31
\multlinegap=\skip55
\multlinetaggap=\skip56
\mathdisplay@stack=\toks32
LaTeX Info: Redefining \[ on input line 2953.
LaTeX Info: Redefining \] on input line 2954.
)
(d:/texlive/2023/texmf-dist/tex/latex/amsfonts/amssymb.sty
Package: amssymb 2013/01/14 v3.01 AMS font symbols

(d:/texlive/2023/texmf-dist/tex/latex/amsfonts/amsfonts.sty
Package: amsfonts 2013/01/14 v3.01 Basic AMSFonts support
\symAMSa=\mathgroup5
\symAMSb=\mathgroup6
LaTeX Font Info:    Redeclaring math symbol \hbar on input line 98.
LaTeX Font Info:    Overwriting math alphabet `\mathfrak' in version `bold'
(Font)                  U/euf/m/n --> U/euf/b/n on input line 106.
))
(d:/texlive/2023/texmf-dist/tex/latex/hyperref/hyperref.sty
Package: hyperref 2024-07-10 v7.01j Hypertext links for LaTeX

(d:/texlive/2023/texmf-dist/tex/latex/kvsetkeys/kvsetkeys.sty
Package: kvsetkeys 2022-10-05 v1.19 Key value parser (HO)
)
(d:/texlive/2023/texmf-dist/tex/generic/kvdefinekeys/kvdefinekeys.sty
Package: kvdefinekeys 2019-12-19 v1.6 Define keys (HO)
)
(d:/texlive/2023/texmf-dist/tex/generic/pdfescape/pdfescape.sty
Package: pdfescape 2019/12/09 v1.15 Implements pdfTeX's escape features (HO)
)
(d:/texlive/2023/texmf-dist/tex/latex/hycolor/hycolor.sty
Package: hycolor 2020-01-27 v1.10 Color options for hyperref/bookmark (HO)
)
(d:/texlive/2023/texmf-dist/tex/latex/hyperref/nameref.sty
Package: nameref 2023-11-26 v2.56 Cross-referencing by name of section

(d:/texlive/2023/texmf-dist/tex/latex/refcount/refcount.sty
Package: refcount 2019/12/15 v3.6 Data extraction from label references (HO)
)
(d:/texlive/2023/texmf-dist/tex/generic/gettitlestring/gettitlestring.sty
Package: gettitlestring 2019/12/15 v1.6 Cleanup title references (HO)

(d:/texlive/2023/texmf-dist/tex/latex/kvoptions/kvoptions.sty
Package: kvoptions 2022-06-15 v3.15 Key value format for package options (HO)
))
\c@section@level=\count308
)
(d:/texlive/2023/texmf-dist/tex/generic/stringenc/stringenc.sty
Package: stringenc 2019/11/29 v1.12 Convert strings between diff. encodings (HO
)
)
\@linkdim=\dimen165
\Hy@linkcounter=\count309
\Hy@pagecounter=\count310

(d:/texlive/2023/texmf-dist/tex/latex/hyperref/pd1enc.def
File: pd1enc.def 2024-07-10 v7.01j Hyperref: PDFDocEncoding definition (HO)
)
(d:/texlive/2023/texmf-dist/tex/generic/intcalc/intcalc.sty
Package: intcalc 2019/12/15 v1.3 Expandable calculations with integers (HO)
)
\Hy@SavedSpaceFactor=\count311

(d:/texlive/2023/texmf-dist/tex/latex/hyperref/puenc.def
File: puenc.def 2024-07-10 v7.01j Hyperref: PDF Unicode definition (HO)
)
Package hyperref Info: Option `unicode' set `true' on input line 4040.
Package hyperref Info: Hyper figures OFF on input line 4157.
Package hyperref Info: Link nesting OFF on input line 4162.
Package hyperref Info: Hyper index ON on input line 4165.
Package hyperref Info: Plain pages OFF on input line 4172.
Package hyperref Info: Backreferencing OFF on input line 4177.
Package hyperref Info: Implicit mode ON; LaTeX internals redefined.
Package hyperref Info: Bookmarks ON on input line 4424.
\c@Hy@tempcnt=\count312

(d:/texlive/2023/texmf-dist/tex/latex/url/url.sty
\Urlmuskip=\muskip18
Package: url 2013/09/16  ver 3.4  Verb mode for urls, etc.
)
LaTeX Info: Redefining \url on input line 4763.
\XeTeXLinkMargin=\dimen166

(d:/texlive/2023/texmf-dist/tex/generic/bitset/bitset.sty
Package: bitset 2019/12/09 v1.3 Handle bit-vector datatype (HO)

(d:/texlive/2023/texmf-dist/tex/generic/bigintcalc/bigintcalc.sty
Package: bigintcalc 2019/12/15 v1.5 Expandable calculations on big integers (HO
)
))
\Fld@menulength=\count313
\Field@Width=\dimen167
\Fld@charsize=\dimen168
Package hyperref Info: Hyper figures OFF on input line 6042.
Package hyperref Info: Link nesting OFF on input line 6047.
Package hyperref Info: Hyper index ON on input line 6050.
Package hyperref Info: backreferencing OFF on input line 6057.
Package hyperref Info: Link coloring OFF on input line 6062.
Package hyperref Info: Link coloring with OCG OFF on input line 6067.
Package hyperref Info: PDF/A mode OFF on input line 6072.

(d:/texlive/2023/texmf-dist/tex/latex/base/atbegshi-ltx.sty
Package: atbegshi-ltx 2021/01/10 v1.0c Emulation of the original atbegshi
package with kernel methods
)
\Hy@abspage=\count314
\c@Item=\count315
\c@Hfootnote=\count316
)
Package hyperref Info: Driver (autodetected): hluatex.

(d:/texlive/2023/texmf-dist/tex/latex/hyperref/hluatex.def
File: hluatex.def 2024-07-10 v7.01j Hyperref driver for luaTeX

(d:/texlive/2023/texmf-dist/tex/latex/base/atveryend-ltx.sty
Package: atveryend-ltx 2020/08/19 v1.0a Emulation of the original atveryend pac
kage
with kernel methods
)
\Fld@listcount=\count317
\c@bookmark@seq@number=\count318

(d:/texlive/2023/texmf-dist/tex/latex/rerunfilecheck/rerunfilecheck.sty
Package: rerunfilecheck 2022-07-10 v1.10 Rerun checks for auxiliary files (HO)

(d:/texlive/2023/texmf-dist/tex/generic/uniquecounter/uniquecounter.sty
Package: uniquecounter 2019/12/15 v1.4 Provide unlimited unique counter (HO)
)
Package uniquecounter Info: New unique counter `rerunfilecheck' on input line 2
85.
)
\Hy@SectionHShift=\skip57
)
Package hyperref Info: Option `colorlinks' set `true' on input line 13.

(d:/texlive/2023/texmf-dist/tex/latex/geometry/geometry.sty
Package: geometry 2020/01/02 v5.9 Page Geometry

(d:/texlive/2023/texmf-dist/tex/generic/iftex/ifvtex.sty
Package: ifvtex 2019/10/25 v1.7 ifvtex legacy package. Use iftex instead.
)
\Gm@cnth=\count319
\Gm@cntv=\count320
\c@Gm@tempcnt=\count321
\Gm@bindingoffset=\dimen169
\Gm@wd@mp=\dimen170
\Gm@odd@mp=\dimen171
\Gm@even@mp=\dimen172
\Gm@layoutwidth=\dimen173
\Gm@layoutheight=\dimen174
\Gm@layouthoffset=\dimen175
\Gm@layoutvoffset=\dimen176
\Gm@dimlist=\toks33
)
(d:/texlive/2023/texmf-dist/tex/latex/physics/physics.sty
Package: physics 
)
(d:/texlive/2023/texmf-dist/tex/latex/simpler-wick/simpler-wick.sty
Package: simpler-wick 2015/12/11 Simpler Wick contractions

(d:/texlive/2023/texmf-dist/tex/latex/pgf/frontendlayer/tikz.sty
(d:/texlive/2023/texmf-dist/tex/latex/pgf/basiclayer/pgf.sty
(d:/texlive/2023/texmf-dist/tex/latex/pgf/utilities/pgfrcs.sty
(d:/texlive/2023/texmf-dist/tex/generic/pgf/utilities/pgfutil-common.tex
\pgfutil@everybye=\toks34
\pgfutil@tempdima=\dimen177
\pgfutil@tempdimb=\dimen178
)
(d:/texlive/2023/texmf-dist/tex/generic/pgf/utilities/pgfutil-latex.def
\pgfutil@abb=\box57
)
(d:/texlive/2023/texmf-dist/tex/generic/pgf/utilities/pgfrcs.code.tex
(d:/texlive/2023/texmf-dist/tex/generic/pgf/pgf.revision.tex)
Package: pgfrcs 2023-01-15 v3.1.10 (3.1.10)
))
Package: pgf 2023-01-15 v3.1.10 (3.1.10)

(d:/texlive/2023/texmf-dist/tex/latex/pgf/basiclayer/pgfcore.sty
(d:/texlive/2023/texmf-dist/tex/latex/pgf/systemlayer/pgfsys.sty
(d:/texlive/2023/texmf-dist/tex/generic/pgf/systemlayer/pgfsys.code.tex
Package: pgfsys 2023-01-15 v3.1.10 (3.1.10)

(d:/texlive/2023/texmf-dist/tex/generic/pgf/utilities/pgfkeys.code.tex
\pgfkeys@pathtoks=\toks35
\pgfkeys@temptoks=\toks36

(d:/texlive/2023/texmf-dist/tex/generic/pgf/utilities/pgfkeyslibraryfiltered.co
de.tex
\pgfkeys@tmptoks=\toks37
))
\pgf@x=\dimen179
\pgf@y=\dimen180
\pgf@xa=\dimen181
\pgf@ya=\dimen182
\pgf@xb=\dimen183
\pgf@yb=\dimen184
\pgf@xc=\dimen185
\pgf@yc=\dimen186
\pgf@xd=\dimen187
\pgf@yd=\dimen188
\w@pgf@writea=\write3
\r@pgf@reada=\read2
\c@pgf@counta=\count322
\c@pgf@countb=\count323
\c@pgf@countc=\count324
\c@pgf@countd=\count325
\t@pgf@toka=\toks38
\t@pgf@tokb=\toks39
\t@pgf@tokc=\toks40
\pgf@sys@id@count=\count326
 (d:/texlive/2023/texmf-dist/tex/generic/pgf/systemlayer/pgf.cfg
File: pgf.cfg 2023-01-15 v3.1.10 (3.1.10)
)
Driver file for pgf: pgfsys-luatex.def

(d:/texlive/2023/texmf-dist/tex/generic/pgf/systemlayer/pgfsys-luatex.def
File: pgfsys-luatex.def 2023-01-15 v3.1.10 (3.1.10)

(d:/texlive/2023/texmf-dist/tex/generic/pgf/systemlayer/pgfsys-common-pdf.def
File: pgfsys-common-pdf.def 2023-01-15 v3.1.10 (3.1.10)
)))
(d:/texlive/2023/texmf-dist/tex/generic/pgf/systemlayer/pgfsyssoftpath.code.tex
File: pgfsyssoftpath.code.tex 2023-01-15 v3.1.10 (3.1.10)
\pgfsyssoftpath@smallbuffer@items=\count327
\pgfsyssoftpath@bigbuffer@items=\count328
)
(d:/texlive/2023/texmf-dist/tex/generic/pgf/systemlayer/pgfsysprotocol.code.tex
File: pgfsysprotocol.code.tex 2023-01-15 v3.1.10 (3.1.10)
)) (d:/texlive/2023/texmf-dist/tex/latex/xcolor/xcolor.sty
Package: xcolor 2023/11/15 v3.01 LaTeX color extensions (UK)

(d:/texlive/2023/texmf-dist/tex/latex/graphics-cfg/color.cfg
File: color.cfg 2016/01/02 v1.6 sample color configuration
)
Package xcolor Info: Driver file: luatex.def on input line 274.

(d:/texlive/2023/texmf-dist/tex/latex/graphics/mathcolor.ltx)
Package xcolor Info: Model `cmy' substituted by `cmy0' on input line 1350.
Package xcolor Info: Model `hsb' substituted by `rgb' on input line 1354.
Package xcolor Info: Model `RGB' extended on input line 1366.
Package xcolor Info: Model `HTML' substituted by `rgb' on input line 1368.
Package xcolor Info: Model `Hsb' substituted by `hsb' on input line 1369.
Package xcolor Info: Model `tHsb' substituted by `hsb' on input line 1370.
Package xcolor Info: Model `HSB' substituted by `hsb' on input line 1371.
Package xcolor Info: Model `Gray' substituted by `gray' on input line 1372.
Package xcolor Info: Model `wave' substituted by `hsb' on input line 1373.
)
(d:/texlive/2023/texmf-dist/tex/generic/pgf/basiclayer/pgfcore.code.tex
Package: pgfcore 2023-01-15 v3.1.10 (3.1.10)

(d:/texlive/2023/texmf-dist/tex/generic/pgf/math/pgfmath.code.tex
(d:/texlive/2023/texmf-dist/tex/generic/pgf/math/pgfmathutil.code.tex)
(d:/texlive/2023/texmf-dist/tex/generic/pgf/math/pgfmathparser.code.tex
\pgfmath@dimen=\dimen189
\pgfmath@count=\count329
\pgfmath@box=\box58
\pgfmath@toks=\toks41
\pgfmath@stack@operand=\toks42
\pgfmath@stack@operation=\toks43
)
(d:/texlive/2023/texmf-dist/tex/generic/pgf/math/pgfmathfunctions.code.tex)
(d:/texlive/2023/texmf-dist/tex/generic/pgf/math/pgfmathfunctions.basic.code.te
x)
(d:/texlive/2023/texmf-dist/tex/generic/pgf/math/pgfmathfunctions.trigonometric
.code.tex)
(d:/texlive/2023/texmf-dist/tex/generic/pgf/math/pgfmathfunctions.random.code.t
ex)
(d:/texlive/2023/texmf-dist/tex/generic/pgf/math/pgfmathfunctions.comparison.co
de.tex)
(d:/texlive/2023/texmf-dist/tex/generic/pgf/math/pgfmathfunctions.base.code.tex
)
(d:/texlive/2023/texmf-dist/tex/generic/pgf/math/pgfmathfunctions.round.code.te
x)
(d:/texlive/2023/texmf-dist/tex/generic/pgf/math/pgfmathfunctions.misc.code.tex
)
(d:/texlive/2023/texmf-dist/tex/generic/pgf/math/pgfmathfunctions.integerarithm
etics.code.tex)
(d:/texlive/2023/texmf-dist/tex/generic/pgf/math/pgfmathcalc.code.tex)
(d:/texlive/2023/texmf-dist/tex/generic/pgf/math/pgfmathfloat.code.tex
\c@pgfmathroundto@lastzeros=\count330
))
(d:/texlive/2023/texmf-dist/tex/generic/pgf/math/pgfint.code.tex)
(d:/texlive/2023/texmf-dist/tex/generic/pgf/basiclayer/pgfcorepoints.code.tex
File: pgfcorepoints.code.tex 2023-01-15 v3.1.10 (3.1.10)
\pgf@picminx=\dimen190
\pgf@picmaxx=\dimen191
\pgf@picminy=\dimen192
\pgf@picmaxy=\dimen193
\pgf@pathminx=\dimen194
\pgf@pathmaxx=\dimen195
\pgf@pathminy=\dimen196
\pgf@pathmaxy=\dimen197
\pgf@xx=\dimen198
\pgf@xy=\dimen199
\pgf@yx=\dimen256
\pgf@yy=\dimen257
\pgf@zx=\dimen258
\pgf@zy=\dimen259
)
(d:/texlive/2023/texmf-dist/tex/generic/pgf/basiclayer/pgfcorepathconstruct.cod
e.tex
File: pgfcorepathconstruct.code.tex 2023-01-15 v3.1.10 (3.1.10)
\pgf@path@lastx=\dimen260
\pgf@path@lasty=\dimen261
)
(d:/texlive/2023/texmf-dist/tex/generic/pgf/basiclayer/pgfcorepathusage.code.te
x
File: pgfcorepathusage.code.tex 2023-01-15 v3.1.10 (3.1.10)
\pgf@shorten@end@additional=\dimen262
\pgf@shorten@start@additional=\dimen263
)
(d:/texlive/2023/texmf-dist/tex/generic/pgf/basiclayer/pgfcorescopes.code.tex
File: pgfcorescopes.code.tex 2023-01-15 v3.1.10 (3.1.10)
\pgfpic=\box59
\pgf@hbox=\box60
\pgf@layerbox@main=\box61
\pgf@picture@serial@count=\count331
)
(d:/texlive/2023/texmf-dist/tex/generic/pgf/basiclayer/pgfcoregraphicstate.code
.tex
File: pgfcoregraphicstate.code.tex 2023-01-15 v3.1.10 (3.1.10)
\pgflinewidth=\dimen264
)
(d:/texlive/2023/texmf-dist/tex/generic/pgf/basiclayer/pgfcoretransformations.c
ode.tex
File: pgfcoretransformations.code.tex 2023-01-15 v3.1.10 (3.1.10)
\pgf@pt@x=\dimen265
\pgf@pt@y=\dimen266
\pgf@pt@temp=\dimen267
)
(d:/texlive/2023/texmf-dist/tex/generic/pgf/basiclayer/pgfcorequick.code.tex
File: pgfcorequick.code.tex 2023-01-15 v3.1.10 (3.1.10)
)
(d:/texlive/2023/texmf-dist/tex/generic/pgf/basiclayer/pgfcoreobjects.code.tex
File: pgfcoreobjects.code.tex 2023-01-15 v3.1.10 (3.1.10)
)
(d:/texlive/2023/texmf-dist/tex/generic/pgf/basiclayer/pgfcorepathprocessing.co
de.tex
File: pgfcorepathprocessing.code.tex 2023-01-15 v3.1.10 (3.1.10)
)
(d:/texlive/2023/texmf-dist/tex/generic/pgf/basiclayer/pgfcorearrows.code.tex
File: pgfcorearrows.code.tex 2023-01-15 v3.1.10 (3.1.10)
\pgfarrowsep=\dimen268
)
(d:/texlive/2023/texmf-dist/tex/generic/pgf/basiclayer/pgfcoreshade.code.tex
File: pgfcoreshade.code.tex 2023-01-15 v3.1.10 (3.1.10)
\pgf@max=\dimen269
\pgf@sys@shading@range@num=\count332
\pgf@shadingcount=\count333
)
(d:/texlive/2023/texmf-dist/tex/generic/pgf/basiclayer/pgfcoreimage.code.tex
File: pgfcoreimage.code.tex 2023-01-15 v3.1.10 (3.1.10)
)
(d:/texlive/2023/texmf-dist/tex/generic/pgf/basiclayer/pgfcoreexternal.code.tex
File: pgfcoreexternal.code.tex 2023-01-15 v3.1.10 (3.1.10)
\pgfexternal@startupbox=\box62
) (d:/texlive/2023/texmf-dist/tex/generic/pgf/basiclayer/pgfcorelayers.code.tex
File: pgfcorelayers.code.tex 2023-01-15 v3.1.10 (3.1.10)
)
(d:/texlive/2023/texmf-dist/tex/generic/pgf/basiclayer/pgfcoretransparency.code
.tex
File: pgfcoretransparency.code.tex 2023-01-15 v3.1.10 (3.1.10)
)
(d:/texlive/2023/texmf-dist/tex/generic/pgf/basiclayer/pgfcorepatterns.code.tex
File: pgfcorepatterns.code.tex 2023-01-15 v3.1.10 (3.1.10)
) (d:/texlive/2023/texmf-dist/tex/generic/pgf/basiclayer/pgfcorerdf.code.tex
File: pgfcorerdf.code.tex 2023-01-15 v3.1.10 (3.1.10)
))) (d:/texlive/2023/texmf-dist/tex/generic/pgf/modules/pgfmoduleshapes.code.te
x
File: pgfmoduleshapes.code.tex 2023-01-15 v3.1.10 (3.1.10)
\pgfnodeparttextbox=\box63
)
(d:/texlive/2023/texmf-dist/tex/generic/pgf/modules/pgfmoduleplot.code.tex
File: pgfmoduleplot.code.tex 2023-01-15 v3.1.10 (3.1.10)
)
(d:/texlive/2023/texmf-dist/tex/latex/pgf/compatibility/pgfcomp-version-0-65.st
y
Package: pgfcomp-version-0-65 2023-01-15 v3.1.10 (3.1.10)
\pgf@nodesepstart=\dimen270
\pgf@nodesepend=\dimen271
)
(d:/texlive/2023/texmf-dist/tex/latex/pgf/compatibility/pgfcomp-version-1-18.st
y
Package: pgfcomp-version-1-18 2023-01-15 v3.1.10 (3.1.10)
)) (d:/texlive/2023/texmf-dist/tex/latex/pgf/utilities/pgffor.sty
(d:/texlive/2023/texmf-dist/tex/latex/pgf/utilities/pgfkeys.sty
(d:/texlive/2023/texmf-dist/tex/generic/pgf/utilities/pgfkeys.code.tex))
(d:/texlive/2023/texmf-dist/tex/latex/pgf/math/pgfmath.sty
(d:/texlive/2023/texmf-dist/tex/generic/pgf/math/pgfmath.code.tex))
(d:/texlive/2023/texmf-dist/tex/generic/pgf/utilities/pgffor.code.tex
Package: pgffor 2023-01-15 v3.1.10 (3.1.10)
\pgffor@iter=\dimen272
\pgffor@skip=\dimen273
\pgffor@stack=\toks44
\pgffor@toks=\toks45
))
(d:/texlive/2023/texmf-dist/tex/generic/pgf/frontendlayer/tikz/tikz.code.tex
Package: tikz 2023-01-15 v3.1.10 (3.1.10)

(d:/texlive/2023/texmf-dist/tex/generic/pgf/libraries/pgflibraryplothandlers.co
de.tex
File: pgflibraryplothandlers.code.tex 2023-01-15 v3.1.10 (3.1.10)
\pgf@plot@mark@count=\count334
\pgfplotmarksize=\dimen274
)
\tikz@lastx=\dimen275
\tikz@lasty=\dimen276
\tikz@lastxsaved=\dimen277
\tikz@lastysaved=\dimen278
\tikz@lastmovetox=\dimen279
\tikz@lastmovetoy=\dimen280
\tikzleveldistance=\dimen281
\tikzsiblingdistance=\dimen282
\tikz@figbox=\box64
\tikz@figbox@bg=\box65
\tikz@tempbox=\box66
\tikz@tempbox@bg=\box67
\tikztreelevel=\count335
\tikznumberofchildren=\count336
\tikznumberofcurrentchild=\count337
\tikz@fig@count=\count338

(d:/texlive/2023/texmf-dist/tex/generic/pgf/modules/pgfmodulematrix.code.tex
File: pgfmodulematrix.code.tex 2023-01-15 v3.1.10 (3.1.10)
\pgfmatrixcurrentrow=\count339
\pgfmatrixcurrentcolumn=\count340
\pgf@matrix@numberofcolumns=\count341
)
\tikz@expandcount=\count342

(d:/texlive/2023/texmf-dist/tex/generic/pgf/frontendlayer/tikz/libraries/tikzli
brarytopaths.code.tex
File: tikzlibrarytopaths.code.tex 2023-01-15 v3.1.10 (3.1.10)
)))
(d:/texlive/2023/texmf-dist/tex/latex/pgfopts/pgfopts.sty
Package: pgfopts 2014/07/10 v2.1a LaTeX package options with pgfkeys
\pgfopts@list@add@a@toks=\toks46
\pgfopts@list@add@b@toks=\toks47
)
(d:/texlive/2023/texmf-dist/tex/generic/pgf/frontendlayer/tikz/libraries/tikzli
brarycalc.code.tex
File: tikzlibrarycalc.code.tex 2023-01-15 v3.1.10 (3.1.10)
)
(d:/texlive/2023/texmf-dist/tex/latex/pgf/frontendlayer/libraries/tikzlibraryex
ternal.code.tex
(d:/texlive/2023/texmf-dist/tex/generic/pgf/frontendlayer/tikz/libraries/tikzex
ternalshared.code.tex)))
(d:/texlive/2023/texmf-dist/tex/latex/tikz-cd/tikz-cd.sty
Package: tikz-cd 2021/05/04 v1.0 Commutative diagrams with TikZ

(d:/texlive/2023/texmf-dist/tex/generic/tikz-cd/tikzlibrarycd.code.tex
(d:/texlive/2023/texmf-dist/tex/generic/pgf/frontendlayer/tikz/libraries/tikzli
brarymatrix.code.tex
File: tikzlibrarymatrix.code.tex 2023-01-15 v3.1.10 (3.1.10)
)
(d:/texlive/2023/texmf-dist/tex/generic/pgf/frontendlayer/tikz/libraries/tikzli
braryquotes.code.tex
File: tikzlibraryquotes.code.tex 2023-01-15 v3.1.10 (3.1.10)
)
(d:/texlive/2023/texmf-dist/tex/generic/pgf/libraries/pgflibraryarrows.meta.cod
e.tex
File: pgflibraryarrows.meta.code.tex 2023-01-15 v3.1.10 (3.1.10)
\pgfarrowinset=\dimen283
\pgfarrowlength=\dimen284
\pgfarrowwidth=\dimen285
\pgfarrowlinewidth=\dimen286
))) (d:/texlive/2023/texmf-dist/tex/generic/ulem/ulem.sty
\UL@box=\box68
\UL@hyphenbox=\box69
\UL@skip=\skip58
\UL@hook=\toks48
\UL@height=\dimen287
\UL@pe=\count343
\UL@pixel=\dimen288
\ULC@box=\box70
Package: ulem 2019/11/18
\ULdepth=\dimen289
)
LaTeX Font Info:    Redeclaring symbol font `CJKmath' on input line 22.
LaTeX Font Info:    Overwriting symbol font `CJKmath' in version `normal'
(Font)                  LTJY3/song/m/n --> LTJY3/SimSun(0)/m/n on input line 22
.
LaTeX Font Info:    Overwriting symbol font `CJKmath' in version `bold'
(Font)                  LTJY3/song/b/n --> LTJY3/SimSun(0)/m/n on input line 22
.
LaTeX Font Info:    Overwriting symbol font `CJKmath' in version `bold'
(Font)                  LTJY3/SimSun(0)/m/n --> LTJY3/SimSun(0)/b/n on input li
ne 22.
 (./main.aux
(./TeX_files/chapter00.aux) (./TeX_files/chapter01.aux)
(./TeX_files/chapter02.aux) (./TeX_files/chapter03.aux)
(./TeX_files/chapter04.aux) (./TeX_files/chapter05.aux)
(./TeX_files/chapter06.aux) (./TeX_files/chapter07.aux))
\openout1 = main.aux

LaTeX Font Info:    Checking defaults for OML/cmm/m/it on input line 22.
LaTeX Font Info:    ... okay on input line 22.
LaTeX Font Info:    Checking defaults for OMS/cmsy/m/n on input line 22.
LaTeX Font Info:    ... okay on input line 22.
LaTeX Font Info:    Checking defaults for OT1/cmr/m/n on input line 22.
LaTeX Font Info:    ... okay on input line 22.
LaTeX Font Info:    Checking defaults for T1/cmr/m/n on input line 22.
LaTeX Font Info:    ... okay on input line 22.
LaTeX Font Info:    Checking defaults for TS1/cmr/m/n on input line 22.
LaTeX Font Info:    ... okay on input line 22.
LaTeX Font Info:    Checking defaults for TU/lmr/m/n on input line 22.
LaTeX Font Info:    ... okay on input line 22.
LaTeX Font Info:    Checking defaults for OMX/cmex/m/n on input line 22.
LaTeX Font Info:    ... okay on input line 22.
LaTeX Font Info:    Checking defaults for U/cmr/m/n on input line 22.
LaTeX Font Info:    ... okay on input line 22.
LaTeX Font Info:    Checking defaults for LTJY3/song/m/n on input line 22.
LaTeX Font Info:    ... okay on input line 22.
LaTeX Font Info:    Checking defaults for PD1/pdf/m/n on input line 22.
LaTeX Font Info:    ... okay on input line 22.
LaTeX Font Info:    Checking defaults for PU/pdf/m/n on input line 22.
LaTeX Font Info:    ... okay on input line 22.

Package fontspec Info: 
(fontspec)             Adjusting the maths setup (use [no-math] to avoid
(fontspec)             this).

\symlegacymaths=\mathgroup7
LaTeX Font Info:    Overwriting symbol font `legacymaths' in version `bold'
(Font)                  OT1/cmr/m/n --> OT1/cmr/bx/n on input line 22.
LaTeX Font Info:    Redeclaring math accent \acute on input line 22.
LaTeX Font Info:    Redeclaring math accent \grave on input line 22.
LaTeX Font Info:    Redeclaring math accent \ddot on input line 22.
LaTeX Font Info:    Redeclaring math accent \tilde on input line 22.
LaTeX Font Info:    Redeclaring math accent \bar on input line 22.
LaTeX Font Info:    Redeclaring math accent \breve on input line 22.
LaTeX Font Info:    Redeclaring math accent \check on input line 22.
LaTeX Font Info:    Redeclaring math accent \hat on input line 22.
LaTeX Font Info:    Redeclaring math accent \dot on input line 22.
LaTeX Font Info:    Redeclaring math accent \mathring on input line 22.
LaTeX Font Info:    Redeclaring math symbol \Gamma on input line 22.
LaTeX Font Info:    Redeclaring math symbol \Delta on input line 22.
LaTeX Font Info:    Redeclaring math symbol \Theta on input line 22.
LaTeX Font Info:    Redeclaring math symbol \Lambda on input line 22.
LaTeX Font Info:    Redeclaring math symbol \Xi on input line 22.
LaTeX Font Info:    Redeclaring math symbol \Pi on input line 22.
LaTeX Font Info:    Redeclaring math symbol \Sigma on input line 22.
LaTeX Font Info:    Redeclaring math symbol \Upsilon on input line 22.
LaTeX Font Info:    Redeclaring math symbol \Phi on input line 22.
LaTeX Font Info:    Redeclaring math symbol \Psi on input line 22.
LaTeX Font Info:    Redeclaring math symbol \Omega on input line 22.
LaTeX Font Info:    Redeclaring math symbol \mathdollar on input line 22.
LaTeX Font Info:    Redeclaring symbol font `operators' on input line 22.
LaTeX Font Info:    Encoding `OT1' has changed to `TU' for symbol font
(Font)              `operators' in the math version `normal' on input line 22.
LaTeX Font Info:    Overwriting symbol font `operators' in version `normal'
(Font)                  OT1/cmr/m/n --> TU/lmr/m/n on input line 22.
LaTeX Font Info:    Encoding `OT1' has changed to `TU' for symbol font
(Font)              `operators' in the math version `bold' on input line 22.
LaTeX Font Info:    Overwriting symbol font `operators' in version `bold'
(Font)                  OT1/cmr/bx/n --> TU/lmr/m/n on input line 22.
LaTeX Font Info:    Overwriting symbol font `operators' in version `normal'
(Font)                  TU/lmr/m/n --> TU/lmr/m/n on input line 22.
LaTeX Font Info:    Overwriting math alphabet `\mathit' in version `normal'
(Font)                  OT1/cmr/m/it --> TU/lmr/m/it on input line 22.
LaTeX Font Info:    Overwriting math alphabet `\mathbf' in version `normal'
(Font)                  OT1/cmr/bx/n --> TU/lmr/b/n on input line 22.
LaTeX Font Info:    Overwriting math alphabet `\mathsf' in version `normal'
(Font)                  OT1/cmss/m/n --> TU/lmss/m/n on input line 22.
LaTeX Font Info:    Overwriting math alphabet `\mathtt' in version `normal'
(Font)                  OT1/cmtt/m/n --> TU/lmtt/m/n on input line 22.
LaTeX Font Info:    Overwriting symbol font `operators' in version `bold'
(Font)                  TU/lmr/m/n --> TU/lmr/b/n on input line 22.
LaTeX Font Info:    Overwriting math alphabet `\mathit' in version `bold'
(Font)                  OT1/cmr/bx/it --> TU/lmr/b/it on input line 22.
LaTeX Font Info:    Overwriting math alphabet `\mathsf' in version `bold'
(Font)                  OT1/cmss/bx/n --> TU/lmss/b/n on input line 22.
LaTeX Font Info:    Overwriting math alphabet `\mathtt' in version `bold'
(Font)                  OT1/cmtt/m/n --> TU/lmtt/b/n on input line 22.

(d:/texlive/2023/texmf-dist/tex/context/base/mkii/supp-pdf.mkii
[Loading MPS to PDF converter (version 2006.09.02).]
\scratchcounter=\count344
\scratchdimen=\dimen290
\scratchbox=\box71
\nofMPsegments=\count345
\nofMParguments=\count346
\everyMPshowfont=\toks49
\MPscratchCnt=\count347
\MPscratchDim=\dimen291
\MPnumerator=\count348
\makeMPintoPDFobject=\count349
\everyMPtoPDFconversion=\toks50
) (d:/texlive/2023/texmf-dist/tex/latex/epstopdf-pkg/epstopdf-base.sty
Package: epstopdf-base 2020-01-24 v2.11 Base part for package epstopdf
Package epstopdf-base Info: Redefining graphics rule for `.eps' on input line 4
85.

(d:/texlive/2023/texmf-dist/tex/latex/latexconfig/epstopdf-sys.cfg
File: epstopdf-sys.cfg 2010/07/13 v1.3 Configuration of (r)epstopdf for TeX Liv
e
))
Package hyperref Info: Link coloring ON on input line 22.

(./main.out) (./main.out)
\@outlinefile=\write4

\openout4 = main.out

*geometry* driver: auto-detecting
*geometry* detected driver: luatex
*geometry* verbose mode - [ preamble ] result:
* driver: luatex
* paper: a4paper
* layout: <same size as paper>
* layoutoffset:(h,v)=(0.0pt,0.0pt)
* modes: twoside 
* h-part:(L,W,R)=(47.7999pt, 478.00812pt, 71.69986pt)
* v-part:(T,H,B)=(67.60269pt, 676.04005pt, 101.4041pt)
* \paperwidth=597.50787pt
* \paperheight=845.04684pt
* \textwidth=478.00812pt
* \textheight=676.04005pt
* \oddsidemargin=-24.4701pt
* \evensidemargin=-0.57013pt
* \topmargin=-36.54109pt
* \headheight=12.0pt
* \headsep=19.8738pt
* \topskip=12.0pt
* \footskip=30.0pt
* \marginparwidth=88.0pt
* \marginparsep=7.0pt
* \columnsep=10.0pt
* \skip\footins=10.8pt plus 4.0pt minus 2.0pt
* \hoffset=0.0pt
* \voffset=0.0pt
* \mag=1000
* \@twocolumnfalse
* \@twosidetrue
* \@mparswitchtrue
* \@reversemarginfalse
* (1in=72.27pt=25.4mm, 1cm=28.453pt)

(load cache: extra_lmroman17-regular.luc)(load cache: extra_lmroman7-regular.luc
)
LaTeX Font Info:    Trying to load font information for U+msa on input line 30.

(d:/texlive/2023/texmf-dist/tex/latex/amsfonts/umsa.fd
File: umsa.fd 2013/01/14 v3.01 AMS symbols A
)
LaTeX Font Info:    Trying to load font information for U+msb on input line 30.


(d:/texlive/2023/texmf-dist/tex/latex/amsfonts/umsb.fd
File: umsb.fd 2013/01/14 v3.01 AMS symbols B
)

[1



{d:/texlive/2023/texmf-var/fonts/map/pdftex/updmap/pdftex.map}]

(load cache: extra_lmromanslant12-regular.luc)
LaTeX Font Info:    Font shape `LTJY3/SimSun(0)/m/sl' in size <12> not availabl
e
(Font)              Font shape `LTJY3/SimSun(0)/m/it' tried instead on input li
ne 30.
luaotfload | aux : font no 55 (nil) does not define feature vert for script dflt
 with language dflt
luaotfload | aux : font no 55 (nil) does not define feature vrt2 for script dflt
 with language dflt [2

]
LaTeX Font Info:    Font shape `LTJY3/SimSun(0)/bx/n' in size <24.88> not avail
able
(Font)              Font shape `LTJY3/SimSun(0)/b/n' tried instead on input lin
e 30.
 (./main.toc
LaTeX Font Info:    Font shape `LTJY3/SimSun(0)/bx/n' in size <12> not availabl
e
(Font)              Font shape `LTJY3/SimSun(0)/b/n' tried instead on input lin
e 1.
(load cache: extra_lmroman8-regular.luc)(load cache: extra_lmroman6-regular.luc)


[3]

[4])
\tf@toc=\write5

\openout5 = main.toc


[5]

[6

]
\openout2 = ./TeX_files/chapter00.aux
 (./TeX_files/chapter00.tex
LaTeX Font Info:    Font shape `LTJY3/SimSun(0)/bx/n' in size <17.28> not avail
able
(Font)              Font shape `LTJY3/SimSun(0)/b/n' tried instead on input lin
e 21.


[1


])

[2
Missing character: There is no  (U+30FB) in font name:SimSun:mode=node;script
=latn;language=dflt;jfm=zh_CN/{quanjiao}!
Missing character: There is no  (U+30FB) in font name:SimSun:mode=node;script
=latn;language=dflt;jfm=zh_CN/{quanjiao}!
]

[3]
\openout2 = ./TeX_files/chapter01.aux
 (./TeX_files/chapter01.tex

[4




]

(load cache: extra_lmroman5-regular.luc)

[5]
LaTeX Font Info:    Trying to load font information for U+euf on input line 49.

 (d:/texlive/2023/texmf-dist/tex/latex/amsfonts/ueuf.fd
File: ueuf.fd 2013/01/14 v3.01 Euler Fraktur
)
LaTeX Font Info:    Font shape `LTJY3/SimSun(0)/bx/n' in size <14.4> not availa
ble
(Font)              Font shape `LTJY3/SimSun(0)/b/n' tried instead on input lin
e 77.


[6]

[7]

[8]

[9]

[10]

[11]

[12]

[13]
Overfull \hbox (78.20555pt too wide) in paragraph at lines 378--379
[]|\LTJY3/SimSun(0)/m/n/12  | $\OML/cmm/m/it/12 d \OMS/cmsy/m/n/12  \OT1
/cmr/m/n/12 3$ |\LTJY3/SimSun(0)/m/n/12  | | | \TU/lmr/m/n/12 (1.32)
 |\LTJY3/SimSun(0)/m/n/12  | | [] | | | | | | | |
 | | | | | | | | | | [] $[] [] []$
 []

)

[14]
\openout2 = ./TeX_files/chapter02.aux
 (./TeX_files/chapter02.tex



[15




]

[16]
Overfull \hbox (2.2345pt too wide) in paragraph at lines 96--97
[]|\LTJY3/SimSun(0)/m/n/12  | | | [] | | | | | | 
| [] | | | | | $\OML/cmm/m/it/12 \OT1/cmr/m/n/12 (\OML/cmm/m
/it/12 x\OT1/cmr/m/n/12 )$ |\LTJY3/SimSun(0)/m/n/12  | | $\OML/cmm/m/i
t/12 V$ |\LTJY3/SimSun(0)/m/n/12  | | | | $\OML/cmm/m/it/12 S \O
T1/cmr/m/n/12 = [][] \OML/cmm/m/it/12 d[]x\OMS/cmsy/m/n/12 L []$[]
 []



[17]

[18]

[19]

[20]

[21](load cache: extra_lmroman10-bold.luc)
LaTeX Font Info:    Font shape `LTJY3/SimSun(0)/bx/n' in size <10> not availabl
e
(Font)              Font shape `LTJY3/SimSun(0)/b/n' tried instead on input lin
e 264.


[22]

[23]

[24]

[25])

[26]
\openout2 = ./TeX_files/chapter03.aux
 (./TeX_files/chapter03.tex


Overfull \hbox (33.92953pt too wide) in paragraph at lines 25--26
[]|\LTJY3/SimSun(0)/m/n/12  | | | | | $\OT1/cmr/m/n/12 (\OML/
cmm/m/it/12 h[]; []\OT1/cmr/m/n/12 )$ |\LTJY3/SimSun(0)/m/n/12  | | |
 | $\OML/cmm/m/it/12 []\OT1/cmr/m/n/12 (\OML/cmm/m/it/12 z[]; []\OT1/cmr
/m/n/12 )$ [] $\OML/cmm/m/it/12 i \OT1/cmr/m/n/12 = 1\OML/cmm/m/it/12 ; []  ; n$[] |\LTJY3/SimSun(0)/m/n/12 
 | | | | $[]$[]
 []



[27




]

[28]

[29]

[30]
<fig/3.1.png, id=809, 464.73625pt x 287.0725pt>
File: fig/3.1.png Graphic file (type png)
<use fig/3.1.png>
Package luatex.def Info: fig/3.1.png  used on input line 169.
(luatex.def)             Requested size: 286.80779pt x 177.16835pt.


LaTeX Warning: `h' float specifier changed to `ht'.



[31]
<fig/3.2.png, id=818, 609.27625pt x 276.03125pt>
File: fig/3.2.png Graphic file (type png)
<use fig/3.2.png>
Package luatex.def Info: fig/3.2.png  used on input line 196.
(luatex.def)             Requested size: 286.80779pt x 129.94107pt.


[32<./fig/3.1.png><./fig/3.2.png>]

[33]
<fig/3.3.png, id=842, 885.3075pt x 511.9125pt>
File: fig/3.3.png Graphic file (type png)
<use fig/3.3.png>
Package luatex.def Info: fig/3.3.png  used on input line 256.
(luatex.def)             Requested size: 286.80779pt x 165.83842pt.


[34<./fig/3.3.png>]

Package amsmath Warning: Foreign command \atop;
(amsmath)                \frac or \genfrac should be used instead
(amsmath)                 on input line 292.

<fig/3.4.png, id=851, 762.85pt x 354.32375pt>
File: fig/3.4.png Graphic file (type png)
<use fig/3.4.png>
Package luatex.def Info: fig/3.4.png  used on input line 307.
(luatex.def)             Requested size: 286.80779pt x 133.21169pt.

LaTeX Warning: `h' float specifier changed to `ht'.



[35]

[36<./fig/3.4.png>]

[37]

[38]

[39]

[40]

[41](load cache: extra_lmromandemi10-regular.luc)

[42]

[43]

[44]

[45]

[46]

[47]

[48](load cache: extra_fangsong.luc)
luaotfload | aux : font no 120 (nil) defines no feature for script latn
luaotfload | aux : font no 120 (nil) defines no feature for script dflt

Package fontspec Info: 
(fontspec)             Could not resolve font "FangSong/BI" (it probably
(fontspec)             doesn't exist).


Package fontspec Info: 
(fontspec)             Could not resolve font "FangSong/B" (it probably
(fontspec)             doesn't exist).


Package fontspec Info: 
(fontspec)             Could not resolve font "FangSong/I" (it probably
(fontspec)             doesn't exist).

luaotfload | aux : font no 120 (nil) does not define feature smcp for script lat
n with language dflt
luaotfload | aux : font no 120 (nil) does not define feature smcp for script dfl
t with language dflt
luaotfload | aux : font no 120 (nil) does not define feature smcp for script lat
n with language dflt
luaotfload | aux : font no 120 (nil) does not define feature smcp for script dfl
t with language dflt(load cache: extra_lmmono12-regular.luc)

Package fontspec Info: 
(fontspec)             Font family 'FangSong(0)' created for font 'FangSong'
(fontspec)             with options
(fontspec)             [NFSSEncoding=LTJY3,JFM=zh_CN/quanjiao,LTJFONTUID=3].
(fontspec)              
(fontspec)              This font family consists of the following NFSS
(fontspec)             series/shapes:
(fontspec)              
(fontspec)             - 'normal' (m/n) with NFSS spec.:
(fontspec)             <->"name:FangSong:mode=node;language=dflt;jfm=zh_CN/quan
jiao;"

(load cache: extra_lmmono10-regular.luc)
luaotfload | aux : font no 124 (nil) does not define feature vert for script dfl
t with language dflt
luaotfload | aux : font no 124 (nil) does not define feature vrt2 for script dfl
t with language dflt

[49]

[50])

[51]
\openout2 = ./TeX_files/chapter04.aux
 (./TeX_files/chapter04.tex

[52




]



[53]

[54]

[55]

[56]
<fig/4.1.png, id=1105, 983.675pt x 245.91875pt>
File: fig/4.1.png Graphic file (type png)
<use fig/4.1.png>
Package luatex.def Info: fig/4.1.png  used on input line 158.
(luatex.def)             Requested size: 286.80779pt x 71.7011pt.


LaTeX Warning: `h' float specifier changed to `ht'.



[57]

[58<./fig/4.1.png>]

[59]

[60]

[61]

[62])

[63]
\openout2 = ./TeX_files/chapter05.aux
 (./TeX_files/chapter05.tex

[64




]



[65]

[66]

[67]

[68]

[69]

[70]

[71]

[72]

[73]

[74]
<fig/5.1.png, id=1333, 494.84875pt x 380.42125pt>
File: fig/5.1.png Graphic file (type png)
<use fig/5.1.png>
Package luatex.def Info: fig/5.1.png  used on input line 355.
(luatex.def)             Requested size: 286.80779pt x 220.48773pt.


[75<./fig/5.1.png>]

[76]

LaTeX Warning: `h' float specifier changed to `ht'.



[77]

[78]
<fig/5.2notag.png, id=1383, 914.41624pt x 321.2pt>
File: fig/5.2notag.png Graphic file (type png)
<use fig/5.2notag.png>
Package luatex.def Info: fig/5.2notag.png  used on input line 465.
(luatex.def)             Requested size: 286.80779pt x 100.74232pt.


[79<./fig/5.2notag.png>]

[80]
<fig/5.2.png, id=1409, 1013.7875pt x 398.48875pt>
File: fig/5.2.png Graphic file (type png)
<use fig/5.2.png>
Package luatex.def Info: fig/5.2.png  used on input line 543.
(luatex.def)             Requested size: 334.60422pt x 131.51993pt.


LaTeX Warning: `h' float specifier changed to `ht'.



[81]
<fig/5.3.png, id=1424, 552.0625pt x 364.36125pt>
File: fig/5.3.png Graphic file (type png)
<use fig/5.3.png>
Package luatex.def Info: fig/5.3.png  used on input line 560.
(luatex.def)             Requested size: 286.80779pt x 189.30214pt.


LaTeX Warning: `h' float specifier changed to `ht'.



[82<./fig/5.2.png>]

[83<./fig/5.3.png>]

[84]

[85]

[86]

[87]

[88]

[89]

[90]

[91]
Overfull \hbox (30.19458pt too wide) in paragraph at lines 858--859
[]|\LTJY3/SimSun(0)/m/n/12  | | | | [] | | | | | 
| | | | $\OML/cmm/m/it/12 h$ |\LTJY3/SimSun(0)/m/n/12  | |
 | $\OML/cmm/m/it/12 []\OT1/cmr/m/n/12 (\OML/cmm/m/it/12 z\OT1/cmr/m/n/1
2 )$ |\LTJY3/SimSun(0)/m/n/12  | | | | $[]$[]
 []



[92]

[93]
<fig/5.4.png, id=1600, 986.68625pt x 199.74625pt>
File: fig/5.4.png Graphic file (type png)
<use fig/5.4.png>
Package luatex.def Info: fig/5.4.png  used on input line 926.
(luatex.def)             Requested size: 286.80779pt x 58.06207pt.
)

[94<./fig/5.4.png>]

[95]
\openout2 = ./TeX_files/chapter06.aux
 (./TeX_files/chapter06.tex

[96




]

<fig/6.1.png, id=1639, 868.24374pt x 401.5pt>
File: fig/6.1.png Graphic file (type png)
<use fig/6.1.png>
Package luatex.def Info: fig/6.1.png  used on input line 7.
(luatex.def)             Requested size: 286.80779pt x 132.63019pt.


[97<./fig/6.1.png>]

[98]
<fig/6.2.png, id=1662, 880.28876pt x 358.33875pt>
File: fig/6.2.png Graphic file (type png)
<use fig/6.2.png>
Package luatex.def Info: fig/6.2.png  used on input line 61.
(luatex.def)             Requested size: 286.80779pt x 116.7485pt.
<fig/6.3.png, id=1663, 913.4125pt x 414.54875pt>
File: fig/6.3.png Graphic file (type png)
<use fig/6.3.png>
Package luatex.def Info: fig/6.3.png  used on input line 69.
(luatex.def)             Requested size: 286.80779pt x 130.16606pt.


[99<./fig/6.2.png><./fig/6.3.png>]

[100]

[101]

[102]

[103]

[104
Missing character: There is no  (U+30FB) in font name:SimSun:mode=node;script
=latn;language=dflt;jfm=zh_CN/{quanjiao}!
]

[105
Missing character: There is no  (U+30FB) in font name:SimSun:mode=node;script
=latn;language=dflt;jfm=zh_CN/{quanjiao}!
]

[106]
<fig/6.5.png, id=1783, 1135.24126pt x 353.32pt>
File: fig/6.5.png Graphic file (type png)
<use fig/6.5.png>
Package luatex.def Info: fig/6.5.png  used on input line 244.
(luatex.def)             Requested size: 286.80779pt x 89.26245pt.


[107<./fig/6.5.png>]

[108]

[109]

[110]
Overfull \hbox (50.74806pt too wide) in paragraph at lines 389--390
[]|\LTJY3/SimSun(0)/m/n/12  | [] | \TU/lmr/m/n/12 Ising |\LTJY3/SimSun
(0)/m/n/12  | | | [] | | | \TU/lmr/m/n/12 Ja-cobi theta |\
LTJY3/SimSun(0)/m/n/12  \TU/lmr/m/n/12 Dedekind eta |\LTJY3/SimSun(0)/m/n/12
  | | | | | | | \TU/lmr/m/n/12 (6.67),(6.68),(6.69)
 []



[111]

[112]

[113]

[114]

[115]

[116]

[117]

[118]

[119])

[120]
\openout2 = ./TeX_files/chapter07.aux
 (./TeX_files/chapter07.tex

<fig/7.1.png, id=1972, 491.8375pt x 389.455pt>
File: fig/7.1.png Graphic file (type png)
<use fig/7.1.png>
Package luatex.def Info: fig/7.1.png  used on input line 13.
(luatex.def)             Requested size: 286.80779pt x 227.11417pt.

LaTeX Warning: `h' float specifier changed to `ht'.



[121




]

[122<./fig/7.1.png>]

[123]
<fig/7.2.png, id=2011, 433.62pt x 426.59375pt>
File: fig/7.2.png Graphic file (type png)
<use fig/7.2.png>
Package luatex.def Info: fig/7.2.png  used on input line 121.
(luatex.def)             Requested size: 286.80779pt x 282.17111pt.


LaTeX Warning: `h' float specifier changed to `ht'.



[124]

[125<./fig/7.2.png>]

[126]
<fig/7.3.png, id=2044, 891.33pt x 351.3125pt>
File: fig/7.3.png Graphic file (type png)
<use fig/7.3.png>
Package luatex.def Info: fig/7.3.png  used on input line 217.
(luatex.def)             Requested size: 286.80779pt x 113.04411pt.


LaTeX Warning: `h' float specifier changed to `ht'.



[127]

[128<./fig/7.3.png>]
<fig/7.4.png, id=2074, 1002.74625pt x 330.23375pt>
File: fig/7.4.png Graphic file (type png)
<use fig/7.4.png>
Package luatex.def Info: fig/7.4.png  used on input line 254.
(luatex.def)             Requested size: 286.80779pt x 94.4552pt.


LaTeX Warning: `h' float specifier changed to `ht'.



[129]
<fig/7.5.png, id=2090, 390.45876pt x 401.5pt>
File: fig/7.5.png Graphic file (type png)
<use fig/7.5.png>
Package luatex.def Info: fig/7.5.png  used on input line 284.
(luatex.def)             Requested size: 286.80779pt x 294.93047pt.


LaTeX Warning: `h' float specifier changed to `ht'.



[130<./fig/7.4.png>]

[131<./fig/7.5.png>]

[132]

[133]
<fig/7.6.png, id=2145, 518.93875pt x 270.00874pt>
File: fig/7.6.png Graphic file (type png)
<use fig/7.6.png>
Package luatex.def Info: fig/7.6.png  used on input line 402.
(luatex.def)             Requested size: 286.80779pt x 149.2345pt.


[134<./fig/7.6.png>])

[135]

[136



] (./main.aux (./TeX_files/chapter00.aux) (./TeX_files/chapter01.aux)
(./TeX_files/chapter02.aux) (./TeX_files/chapter03.aux)
(./TeX_files/chapter04.aux) (./TeX_files/chapter05.aux)
(./TeX_files/chapter06.aux) (./TeX_files/chapter07.aux))
 ***********
LaTeX2e <2024-06-01> patch level 2
L3 programming layer <2022/07/14>
 ***********
Package rerunfilecheck Info: File `main.out' has not changed.
(rerunfilecheck)             Checksum: 73B02E5BD76A7C5BF9F714AC1622BB39;7940.
)

Here is how much of LuaTeX's memory you used:
 30859 strings out of 475915
 195475,1977958 words of node,token memory allocated
 39682 words of node memory still in use:
   8 hlist, 2 vlist, 2 rule, 95 glue, 4 kern, 1 glyph, 17621 attribute, 58 glue_
spec, 1611 attribute_list, 2 write, 11 user_defined, 2 pdf_action nodes
   avail lists: 1:5,2:40278,3:743,4:704,5:679,6:104,7:5275,8:104,9:2477,10:33,11
:170,12:1
 51301 multiletter control sequences out of 65536+600000
 124 fonts using 149645183 bytes
 103i,21n,111p,1209b,1131s stack positions out of 10000i,1000n,20000p,200000b,200000s
<d:/texlive/2023/texmf-dist/fonts/opentype/public/lm/lmroman6-regular.otf><d:/te
xlive/2023/texmf-dist/fonts/opentype/public/lm/lmmono10-regular.otf><d:/texlive/
2023/texmf-dist/fonts/opentype/public/lm/lmroman10-bold.otf><d:/texlive/2023/tex
mf-dist/fonts/opentype/public/lm/lmromanslant12-regular.otf><d:/texlive/2023/tex
mf-dist/fonts/opentype/public/lm/lmroman10-regular.otf><d:/texlive/2023/texmf-di
st/fonts/opentype/public/lm/lmroman7-regular.otf><d:/texlive/2023/texmf-dist/fon
ts/opentype/public/lm/lmroman8-regular.otf><c:/Windows/Fonts/simkai.ttf><d:/texl
ive/2023/texmf-dist/fonts/opentype/public/lm/lmroman12-bold.otf><c:/Windows/Font
s/simhei.ttf><d:/texlive/2023/texmf-dist/fonts/opentype/public/lm/lmroman12-regu
lar.otf><c:/Windows/Fonts/simsun.ttc><d:/texlive/2023/texmf-dist/fonts/type1/pub
lic/amsfonts/cm/cmex10.pfb><d:/texlive/2023/texmf-dist/fonts/type1/public/amsfon
ts/cmextra/cmex7.pfb><d:/texlive/2023/texmf-dist/fonts/type1/public/amsfonts/cme
xtra/cmex8.pfb><d:/texlive/2023/texmf-dist/fonts/type1/public/amsfonts/cm/cmmi10
.pfb><d:/texlive/2023/texmf-dist/fonts/type1/public/amsfonts/cm/cmmi12.pfb><d:/t
exlive/2023/texmf-dist/fonts/type1/public/amsfonts/cm/cmmi6.pfb><d:/texlive/2023
/texmf-dist/fonts/type1/public/amsfonts/cm/cmmi7.pfb><d:/texlive/2023/texmf-dist
/fonts/type1/public/amsfonts/cm/cmmi8.pfb><d:/texlive/2023/texmf-dist/fonts/type
1/public/amsfonts/cm/cmmib10.pfb><d:/texlive/2023/texmf-dist/fonts/type1/public/
amsfonts/cm/cmr10.pfb><d:/texlive/2023/texmf-dist/fonts/type1/public/amsfonts/cm
/cmr12.pfb><d:/texlive/2023/texmf-dist/fonts/type1/public/amsfonts/cm/cmr5.pfb><
d:/texlive/2023/texmf-dist/fonts/type1/public/amsfonts/cm/cmr6.pfb><d:/texlive/2
023/texmf-dist/fonts/type1/public/amsfonts/cm/cmr7.pfb><d:/texlive/2023/texmf-di
st/fonts/type1/public/amsfonts/cm/cmr8.pfb><d:/texlive/2023/texmf-dist/fonts/typ
e1/public/amsfonts/cm/cmsy10.pfb><d:/texlive/2023/texmf-dist/fonts/type1/public/
amsfonts/cm/cmsy6.pfb><d:/texlive/2023/texmf-dist/fonts/type1/public/amsfonts/cm
/cmsy7.pfb><d:/texlive/2023/texmf-dist/fonts/type1/public/amsfonts/cm/cmsy8.pfb>
<d:/texlive/2023/texmf-dist/fonts/type1/public/amsfonts/euler/eufm10.pfb><d:/tex
live/2023/texmf-dist/fonts/type1/public/amsfonts/latxfont/lasy6.pfb><d:/texlive/
2023/texmf-dist/fonts/type1/public/amsfonts/symbols/msbm10.pfb>
Output written on main.pdf (142 pages, 1445270 bytes).

PDF statistics: 2358 PDF objects out of 2487 (max. 8388607)
 2113 compressed objects within 22 object streams
 1204 named destinations out of 1440 (max. 131072)
 600 words of extra memory for PDF output out of 10000 (max. 100000000)

