\BOOKMARK [0][-]{chapter*.2}{\376\377\136\217}{}% 1
\BOOKMARK [0][-]{chapter.1}{\376\377\121\161\137\142\123\330\143\142}{}% 2
\BOOKMARK [1][-]{section.1.1}{\376\377\153\143\116\244\123\330\143\142}{chapter.1}% 3
\BOOKMARK [1][-]{section.1.2}{\376\377\121\161\137\142\123\330\143\142}{chapter.1}% 4
\BOOKMARK [2][-]{subsection.1.2.1}{\376\377\145\340\172\167\134\017\123\330\143\142}{section.1.2}% 5
\BOOKMARK [2][-]{subsection.1.2.2}{\376\377\147\011\226\120\121\161\137\142\123\330\143\142}{section.1.2}% 6
\BOOKMARK [1][-]{section.1.3}{\376\377\116\214\176\364\121\161\137\142\123\330\143\142}{chapter.1}% 7
\BOOKMARK [2][-]{subsection.1.3.1}{\376\377\131\015\127\120\150\007}{section.1.3}% 8
\BOOKMARK [2][-]{subsection.1.3.2}{\376\377\121\150\134\100\121\161\137\142\123\330\143\142}{section.1.3}% 9
\BOOKMARK [2][-]{subsection.1.3.3}{\376\377\145\340\172\167\134\017\121\161\137\142\123\330\143\142}{section.1.3}% 10
\BOOKMARK [0][-]{chapter.2}{\376\377\127\072\124\214\121\161\137\142\116\015\123\330\140\047}{}% 11
\BOOKMARK [1][-]{section.2.1}{\376\377\117\134\165\050\221\317\124\214\133\210\140\122\221\317}{chapter.2}% 12
\BOOKMARK [1][-]{section.2.2}{\376\377\127\072\166\204\121\161\137\142\123\330\143\142}{chapter.2}% 13
\BOOKMARK [2][-]{subsection.2.2.1}{\376\377\121\161\137\142\123\330\143\142\124\214\133\210\140\122\221\317}{section.2.2}% 14
\BOOKMARK [1][-]{section.2.3}{\376\377\215\357\137\204\171\357\122\006\124\214\121\163\200\124\121\375\145\160}{chapter.2}% 15
\BOOKMARK [1][-]{section.2.4}{\376\377\121\161\137\142\000W\000a\000r\000d\140\122\173\111\137\017}{chapter.2}% 16
\BOOKMARK [2][-]{subsection.2.4.1}{\376\377\116\044\160\271\121\375\145\160}{section.2.4}% 17
\BOOKMARK [2][-]{subsection.2.4.2}{\376\377\116\011\160\271\121\375\145\160}{section.2.4}% 18
\BOOKMARK [2][-]{subsection.2.4.3}{\376\377\126\333\160\271\121\375\145\160}{section.2.4}% 19
\BOOKMARK [0][-]{chapter.3}{\376\377\116\214\176\364\121\161\137\142\116\015\123\330\140\047}{}% 20
\BOOKMARK [1][-]{section.3.1}{\376\377\122\035\176\247\127\072}{chapter.3}% 21
\BOOKMARK [2][-]{subsection.3.1.1}{\376\377\121\306\122\035\176\247\127\072}{section.3.1}% 22
\BOOKMARK [2][-]{subsection.3.1.2}{\376\377\145\340\172\167\134\017\121\161\137\142\123\330\143\142}{section.3.1}% 23
\BOOKMARK [2][-]{subsection.3.1.3}{\376\377\116\214\176\364\145\340\172\167\134\017\121\161\137\142\123\330\143\142\124\214\122\035\176\247\127\072}{section.3.1}% 24
\BOOKMARK [1][-]{section.3.2}{\376\377\145\340\172\167\134\017\121\161\137\142\000W\000a\000r\000d\140\122\173\111\137\017}{chapter.3}% 25
\BOOKMARK [1][-]{section.3.3}{\376\377\173\227\173\046\116\130\171\357\124\214\133\371\146\023\121\163\174\373}{chapter.3}% 26
\BOOKMARK [1][-]{section.3.4}{\376\377\000V\000i\000r\000a\000s\000o\000r\000o\116\343\145\160}{chapter.3}% 27
\BOOKMARK [2][-]{subsection.3.4.1}{\376\377\116\055\137\303\203\167}{section.3.4}% 28
\BOOKMARK [2][-]{subsection.3.4.2}{\376\377\000\040\000V\000i\000r\000a\000s\000o\000r\000o\116\343\145\160}{section.3.4}% 29
\BOOKMARK [2][-]{subsection.3.4.3}{\376\377\000C\000F\000T\166\204\000H\000i\000l\000b\000e\000r\000t\172\172\225\364}{section.3.4}% 30
\BOOKMARK [2][-]{subsection.3.4.4}{\376\377\000B\000P\000Z\121\161\217\155}{section.3.4}% 31
\BOOKMARK [1][-]{section.3.5}{\376\377\201\352\165\061\150\007\221\317\127\072}{chapter.3}% 32
\BOOKMARK [1][-]{section.3.6}{\376\377\131\015\124\010\173\227\173\046\225\364\166\204\000O\000P\000E}{chapter.3}% 33
\BOOKMARK [1][-]{section.3.7}{\376\377\230\166\160\271\173\227\173\046}{chapter.3}% 34
\BOOKMARK [1][-]{section.3.8}{\376\377\201\352\165\061\215\071\174\163\133\120}{chapter.3}% 35
\BOOKMARK [0][-]{chapter.4}{\376\377\000V\000i\000r\000a\000s\000o\000r\000o\116\343\145\160\166\204\210\150\171\072\124\214\121\163\200\124\121\375\145\160}{}% 36
\BOOKMARK [1][-]{section.4.1}{\376\377\000V\000i\000r\000a\000s\000o\000r\000o\116\343\145\160\166\204\210\150\171\072}{chapter.4}% 37
\BOOKMARK [1][-]{section.4.2}{\376\377\153\041\176\247\127\072}{chapter.4}% 38
\BOOKMARK [1][-]{section.4.3}{\376\377\000O\000P\000E\166\204\201\352\116\076}{chapter.4}% 39
\BOOKMARK [1][-]{section.4.4}{\376\377\116\244\123\311\133\371\171\360\140\047}{chapter.4}% 40
\BOOKMARK [0][-]{chapter.5}{\376\377\147\201\134\017\152\041\127\213}{}% 41
\BOOKMARK [1][-]{section.5.1}{\376\377\000V\000i\000r\000a\000s\000o\000r\000o\116\343\145\160\166\204\220\000\123\026\210\150\171\072}{chapter.5}% 42
\BOOKMARK [2][-]{subsection.5.1.1}{\376\377\226\366\152\041\124\021\221\317\166\204\176\304\142\020}{section.5.1}% 43
\BOOKMARK [1][-]{section.5.2}{\376\377\226\366\152\041\127\072\166\204\121\163\200\124\121\375\145\160}{chapter.5}% 44
\BOOKMARK [2][-]{subsection.5.2.1}{\376\377\126\333\160\271\121\375\145\160}{section.5.2}% 45
\BOOKMARK [1][-]{section.5.3}{\376\377\207\215\124\010\211\304\122\031}{chapter.5}% 46
\BOOKMARK [1][-]{section.5.4}{\376\377\147\201\134\017\152\041\127\213}{chapter.5}% 47
\BOOKMARK [1][-]{section.5.5}{\376\377\000K\000a\000c\210\114\122\027\137\017\124\214\221\111\140\047}{chapter.5}% 48
\BOOKMARK [1][-]{section.5.6}{\376\377\121\161\137\142\127\127\124\214\123\125\120\074\123\330\143\142\116\015\123\330\140\047}{chapter.5}% 49
\BOOKMARK [1][-]{section.5.7}{\376\377\126\333\160\271\121\375\145\160\124\214\000O\000P\000E\174\373\145\160}{chapter.5}% 50
\BOOKMARK [1][-]{section.5.8}{\376\377\000K\000a\000c\214\061\124\214\201\352\165\061\127\072}{chapter.5}% 51
\BOOKMARK [1][-]{section.5.9}{\376\377\121\163\200\124\121\375\145\160\166\204\201\352\165\061\127\072\210\150\171\072}{chapter.5}% 52
\BOOKMARK [0][-]{chapter.6}{\376\377\163\257\227\142\116\012\166\204\147\201\134\017\152\041\127\213}{}% 53
\BOOKMARK [1][-]{section.6.1}{\376\377\127\006\147\361\116\012\166\204\000C\000F\000T}{chapter.6}% 54
\BOOKMARK [1][-]{section.6.2}{\376\377\163\257\227\142\116\012\166\204\000C\000F\000T}{chapter.6}% 55
\BOOKMARK [2][-]{subsection.6.2.1}{\376\377\221\115\122\006\121\375\145\160}{section.6.2}% 56
\BOOKMARK [2][-]{subsection.6.2.2}{\376\377\000V\000i\000r\000a\000s\000o\000r\000o\116\343\145\160\166\204\162\171\137\201\150\007}{section.6.2}% 57
\BOOKMARK [2][-]{subsection.6.2.3}{\376\377\147\201\134\017\152\041\127\213\166\204\162\171\137\201\150\007}{section.6.2}% 58
\BOOKMARK [2][-]{subsection.6.2.4}{\376\377\000t\000h\000e\000t\000a\121\375\145\160}{section.6.2}% 59
\BOOKMARK [1][-]{section.6.3}{\376\377\221\115\122\006\121\375\145\160\166\204\152\041\116\015\123\330\140\047}{chapter.6}% 60
\BOOKMARK [2][-]{subsection.6.3.1}{\376\377\000\040\163\257\227\142\166\204\152\041\123\330\143\142}{section.6.3}% 61
\BOOKMARK [2][-]{subsection.6.3.2}{\376\377\000\040\000P\000o\000i\000s\000s\000o\000n\121\154\137\017}{section.6.3}% 62
\BOOKMARK [2][-]{subsection.6.3.3}{\376\377\000t\000h\000e\000t\000a\121\375\145\160\166\204\152\041\123\330\143\142}{section.6.3}% 63
\BOOKMARK [2][-]{subsection.6.3.4}{\376\377\000V\000i\000r\000a\000s\000o\000r\000o\162\171\137\201\150\007\166\204\152\041\123\330\143\142}{section.6.3}% 64
\BOOKMARK [2][-]{subsection.6.3.5}{\376\377\000A\000D\000E\122\006\174\173}{section.6.3}% 65
\BOOKMARK [1][-]{section.6.4}{\376\377\152\041\116\015\123\330\140\047\166\204\136\224\165\050}{chapter.6}% 66
\BOOKMARK [1][-]{section.6.5}{\376\377\000V\000e\000r\000l\000i\000n\000d\000e\121\154\137\017}{chapter.6}% 67
\BOOKMARK [0][-]{chapter.7}{\376\377\217\271\165\114\121\161\137\142\127\072\213\272}{}% 68
\BOOKMARK [1][-]{section.7.1}{\376\377\000\040\116\044\160\271\121\375\145\160}{chapter.7}% 69
\BOOKMARK [1][-]{section.7.2}{\376\377\122\240\120\015\142\200\135\347}{chapter.7}% 70
\BOOKMARK [1][-]{section.7.3}{\376\377\217\271\165\114\173\227\173\046}{chapter.7}% 71
\BOOKMARK [1][-]{section.7.4}{\376\377\217\271\165\114\140\001}{chapter.7}% 72
\BOOKMARK [2][-]{subsection.7.4.1}{\376\377\000B\000C\000F\000T\124\214\000V\000e\000r\000l\000i\000n\000d\000e\121\154\137\017}{section.7.4}% 73
